C:\Users\Broga\source\repos\Blokitect\Blokitect.App\dist\out-tsc\e2e\src\app.po.js
C:\Users\Broga\source\repos\Blokitect\Blokitect.App\dist\out-tsc\e2e\src\app.po.js.map
C:\Users\Broga\source\repos\Blokitect\Blokitect.App\dist\out-tsc\e2e\src\app.e2e-spec.js
C:\Users\Broga\source\repos\Blokitect\Blokitect.App\dist\out-tsc\e2e\src\app.e2e-spec.js.map
C:\Users\Broga\source\repos\Blokitect\Blokitect.App\dist\out-tsc\src\app\app-routing.module.js
C:\Users\Broga\source\repos\Blokitect\Blokitect.App\dist\out-tsc\src\app\app-routing.module.js.map
C:\Users\Broga\source\repos\Blokitect\Blokitect.App\dist\out-tsc\src\app\app.component.js
C:\Users\Broga\source\repos\Blokitect\Blokitect.App\dist\out-tsc\src\app\app.component.js.map
C:\Users\Broga\source\repos\Blokitect\Blokitect.App\dist\out-tsc\src\app\app.module.js
C:\Users\Broga\source\repos\Blokitect\Blokitect.App\dist\out-tsc\src\app\app.module.js.map
C:\Users\Broga\source\repos\Blokitect\Blokitect.App\dist\out-tsc\src\environments\environment.js
C:\Users\Broga\source\repos\Blokitect\Blokitect.App\dist\out-tsc\src\environments\environment.js.map
C:\Users\Broga\source\repos\Blokitect\Blokitect.App\dist\out-tsc\src\main.js
C:\Users\Broga\source\repos\Blokitect\Blokitect.App\dist\out-tsc\src\main.js.map
C:\Users\Broga\source\repos\Blokitect\Blokitect.App\dist\out-tsc\src\polyfills.js
C:\Users\Broga\source\repos\Blokitect\Blokitect.App\dist\out-tsc\src\polyfills.js.map
C:\Users\Broga\source\repos\Blokitect\Blokitect.App\dist\out-tsc\src\test.js
C:\Users\Broga\source\repos\Blokitect\Blokitect.App\dist\out-tsc\src\test.js.map
C:\Users\Broga\source\repos\Blokitect\Blokitect.App\dist\out-tsc\src\app\app.component.spec.js
C:\Users\Broga\source\repos\Blokitect\Blokitect.App\dist\out-tsc\src\app\app.component.spec.js.map
C:\Users\Broga\source\repos\Blokitect\Blokitect.App\dist\out-tsc\src\services\helper.service.js
C:\Users\Broga\source\repos\Blokitect\Blokitect.App\dist\out-tsc\src\services\helper.service.js.map
C:\Users\Broga\source\repos\Blokitect\Blokitect.App\dist\out-tsc\src\app\about-us\about-us.component.js
C:\Users\Broga\source\repos\Blokitect\Blokitect.App\dist\out-tsc\src\app\about-us\about-us.component.js.map
C:\Users\Broga\source\repos\Blokitect\Blokitect.App\dist\out-tsc\src\app\about-us\about-us.component.spec.js
C:\Users\Broga\source\repos\Blokitect\Blokitect.App\dist\out-tsc\src\app\about-us\about-us.component.spec.js.map
C:\Users\Broga\source\repos\Blokitect\Blokitect.App\dist\out-tsc\src\app\customer\customer.module.js
C:\Users\Broga\source\repos\Blokitect\Blokitect.App\dist\out-tsc\src\app\customer\customer.module.js.map
C:\Users\Broga\source\repos\Blokitect\Blokitect.App\dist\out-tsc\src\services\service.js
C:\Users\Broga\source\repos\Blokitect\Blokitect.App\dist\out-tsc\src\services\service.js.map
C:\Users\Broga\source\repos\Blokitect\Blokitect.App\dist\out-tsc\src\models\login-model.js
C:\Users\Broga\source\repos\Blokitect\Blokitect.App\dist\out-tsc\src\models\login-model.js.map
C:\Users\Broga\source\repos\Blokitect\Blokitect.App\dist\out-tsc\src\models\enums.js
C:\Users\Broga\source\repos\Blokitect\Blokitect.App\dist\out-tsc\src\models\enums.js.map
C:\Users\Broga\source\repos\Blokitect\Blokitect.App\dist\out-tsc\src\models\super-model.js
C:\Users\Broga\source\repos\Blokitect\Blokitect.App\dist\out-tsc\src\models\super-model.js.map
C:\Users\Broga\source\repos\Blokitect\Blokitect.App\dist\out-tsc\src\models\company-model.js
C:\Users\Broga\source\repos\Blokitect\Blokitect.App\dist\out-tsc\src\models\company-model.js.map
C:\Users\Broga\source\repos\Blokitect\Blokitect.App\dist\out-tsc\src\models\contactPerson-model.js
C:\Users\Broga\source\repos\Blokitect\Blokitect.App\dist\out-tsc\src\models\contactPerson-model.js.map
C:\Users\Broga\source\repos\Blokitect\Blokitect.App\dist\out-tsc\src\models\register-model.js
C:\Users\Broga\source\repos\Blokitect\Blokitect.App\dist\out-tsc\src\models\register-model.js.map
C:\Users\Broga\source\repos\Blokitect\Blokitect.App\dist\out-tsc\src\services\auth.service.js
C:\Users\Broga\source\repos\Blokitect\Blokitect.App\dist\out-tsc\src\services\auth.service.js.map
C:\Users\Broga\source\repos\Blokitect\Blokitect.App\dist\out-tsc\src\models\function-model.js
C:\Users\Broga\source\repos\Blokitect\Blokitect.App\dist\out-tsc\src\models\function-model.js.map
C:\Users\Broga\source\repos\Blokitect\Blokitect.App\dist\out-tsc\src\models\component-model.js
C:\Users\Broga\source\repos\Blokitect\Blokitect.App\dist\out-tsc\src\models\component-model.js.map
C:\Users\Broga\source\repos\Blokitect\Blokitect.App\dist\out-tsc\src\models\customer-model.js
C:\Users\Broga\source\repos\Blokitect\Blokitect.App\dist\out-tsc\src\models\customer-model.js.map
C:\Users\Broga\source\repos\Blokitect\Blokitect.App\dist\out-tsc\src\models\project-model.js
C:\Users\Broga\source\repos\Blokitect\Blokitect.App\dist\out-tsc\src\models\project-model.js.map
C:\Users\Broga\source\repos\Blokitect\Blokitect.App\dist\out-tsc\src\models\supplier-model.js
C:\Users\Broga\source\repos\Blokitect\Blokitect.App\dist\out-tsc\src\models\supplier-model.js.map
C:\Users\Broga\source\repos\Blokitect\Blokitect.App\dist\out-tsc\src\services\project.service.js
C:\Users\Broga\source\repos\Blokitect\Blokitect.App\dist\out-tsc\src\services\project.service.js.map
C:\Users\Broga\source\repos\Blokitect\Blokitect.App\dist\out-tsc\src\services\supplier.service.js
C:\Users\Broga\source\repos\Blokitect\Blokitect.App\dist\out-tsc\src\services\supplier.service.js.map
C:\Users\Broga\source\repos\Blokitect\Blokitect.App\dist\out-tsc\src\app\dashboard\dashboard.component.js
C:\Users\Broga\source\repos\Blokitect\Blokitect.App\dist\out-tsc\src\app\dashboard\dashboard.component.js.map
C:\Users\Broga\source\repos\Blokitect\Blokitect.App\dist\out-tsc\src\app\dashboard\dashboard.component.spec.js
C:\Users\Broga\source\repos\Blokitect\Blokitect.App\dist\out-tsc\src\app\dashboard\dashboard.component.spec.js.map
C:\Users\Broga\source\repos\Blokitect\Blokitect.App\dist\out-tsc\src\app\home\home.component.js
C:\Users\Broga\source\repos\Blokitect\Blokitect.App\dist\out-tsc\src\app\home\home.component.js.map
C:\Users\Broga\source\repos\Blokitect\Blokitect.App\dist\out-tsc\src\app\home\home.component.spec.js
C:\Users\Broga\source\repos\Blokitect\Blokitect.App\dist\out-tsc\src\app\home\home.component.spec.js.map
C:\Users\Broga\source\repos\Blokitect\Blokitect.App\dist\out-tsc\src\app\login\login.component.js
C:\Users\Broga\source\repos\Blokitect\Blokitect.App\dist\out-tsc\src\app\login\login.component.js.map
C:\Users\Broga\source\repos\Blokitect\Blokitect.App\dist\out-tsc\src\app\login\login.component.spec.js
C:\Users\Broga\source\repos\Blokitect\Blokitect.App\dist\out-tsc\src\app\login\login.component.spec.js.map
C:\Users\Broga\source\repos\Blokitect\Blokitect.App\dist\out-tsc\src\app\open-projects\open-projects.component.js
C:\Users\Broga\source\repos\Blokitect\Blokitect.App\dist\out-tsc\src\app\open-projects\open-projects.component.js.map
C:\Users\Broga\source\repos\Blokitect\Blokitect.App\dist\out-tsc\src\app\open-projects\open-projects.component.spec.js
C:\Users\Broga\source\repos\Blokitect\Blokitect.App\dist\out-tsc\src\app\open-projects\open-projects.component.spec.js.map
C:\Users\Broga\source\repos\Blokitect\Blokitect.App\dist\out-tsc\src\app\private-register\private-register.component.js
C:\Users\Broga\source\repos\Blokitect\Blokitect.App\dist\out-tsc\src\app\private-register\private-register.component.js.map
C:\Users\Broga\source\repos\Blokitect\Blokitect.App\dist\out-tsc\src\app\private-register\private-register.component.spec.js
C:\Users\Broga\source\repos\Blokitect\Blokitect.App\dist\out-tsc\src\app\private-register\private-register.component.spec.js.map
C:\Users\Broga\source\repos\Blokitect\Blokitect.App\dist\out-tsc\src\app\project\project.component.js
C:\Users\Broga\source\repos\Blokitect\Blokitect.App\dist\out-tsc\src\app\project\project.component.js.map
C:\Users\Broga\source\repos\Blokitect\Blokitect.App\dist\out-tsc\src\app\project\project.component.spec.js
C:\Users\Broga\source\repos\Blokitect\Blokitect.App\dist\out-tsc\src\app\project\project.component.spec.js.map
C:\Users\Broga\source\repos\Blokitect\Blokitect.App\dist\out-tsc\src\app\project\project.module.js
C:\Users\Broga\source\repos\Blokitect\Blokitect.App\dist\out-tsc\src\app\project\project.module.js.map
C:\Users\Broga\source\repos\Blokitect\Blokitect.App\dist\out-tsc\src\app\register\register.component.js
C:\Users\Broga\source\repos\Blokitect\Blokitect.App\dist\out-tsc\src\app\register\register.component.js.map
C:\Users\Broga\source\repos\Blokitect\Blokitect.App\dist\out-tsc\src\app\register\register.component.spec.js
C:\Users\Broga\source\repos\Blokitect\Blokitect.App\dist\out-tsc\src\app\register\register.component.spec.js.map
C:\Users\Broga\source\repos\Blokitect\Blokitect.App\dist\out-tsc\src\app\supplier\supplier.module.js
C:\Users\Broga\source\repos\Blokitect\Blokitect.App\dist\out-tsc\src\app\supplier\supplier.module.js.map
C:\Users\Broga\source\repos\Blokitect\Blokitect.App\dist\out-tsc\src\app\translate-test\translate-test.component.js
C:\Users\Broga\source\repos\Blokitect\Blokitect.App\dist\out-tsc\src\app\translate-test\translate-test.component.js.map
C:\Users\Broga\source\repos\Blokitect\Blokitect.App\dist\out-tsc\src\app\translate-test\translate-test.component.spec.js
C:\Users\Broga\source\repos\Blokitect\Blokitect.App\dist\out-tsc\src\app\translate-test\translate-test.component.spec.js.map
C:\Users\Broga\source\repos\Blokitect\Blokitect.App\dist\out-tsc\src\environments\environment.prod.js
C:\Users\Broga\source\repos\Blokitect\Blokitect.App\dist\out-tsc\src\environments\environment.prod.js.map
C:\Users\Broga\source\repos\Blokitect\Blokitect.App\dist\out-tsc\src\interceptors\authInterceptor.js
C:\Users\Broga\source\repos\Blokitect\Blokitect.App\dist\out-tsc\src\interceptors\authInterceptor.js.map
C:\Users\Broga\source\repos\Blokitect\Blokitect.App\dist\out-tsc\src\interceptors\languageInterceptor.js
C:\Users\Broga\source\repos\Blokitect\Blokitect.App\dist\out-tsc\src\interceptors\languageInterceptor.js.map
C:\Users\Broga\source\repos\Blokitect\Blokitect.App\dist\out-tsc\src\models\createPassword-model.js
C:\Users\Broga\source\repos\Blokitect\Blokitect.App\dist\out-tsc\src\models\createPassword-model.js.map
C:\Users\Broga\source\repos\Blokitect\Blokitect.App\dist\out-tsc\src\models\customerProject-model.js
C:\Users\Broga\source\repos\Blokitect\Blokitect.App\dist\out-tsc\src\models\customerProject-model.js.map
C:\Users\Broga\source\repos\Blokitect\Blokitect.App\dist\out-tsc\src\models\customerRegister-model.js
C:\Users\Broga\source\repos\Blokitect\Blokitect.App\dist\out-tsc\src\models\customerRegister-model.js.map
C:\Users\Broga\source\repos\Blokitect\Blokitect.App\dist\out-tsc\src\models\customerSupplier-model.js
C:\Users\Broga\source\repos\Blokitect\Blokitect.App\dist\out-tsc\src\models\customerSupplier-model.js.map
C:\Users\Broga\source\repos\Blokitect\Blokitect.App\dist\out-tsc\src\models\private-model.js
C:\Users\Broga\source\repos\Blokitect\Blokitect.App\dist\out-tsc\src\models\private-model.js.map
C:\Users\Broga\source\repos\Blokitect\Blokitect.App\dist\out-tsc\src\models\projectSupplier-model.js
C:\Users\Broga\source\repos\Blokitect\Blokitect.App\dist\out-tsc\src\models\projectSupplier-model.js.map
C:\Users\Broga\source\repos\Blokitect\Blokitect.App\dist\out-tsc\src\models\review-model.js
C:\Users\Broga\source\repos\Blokitect\Blokitect.App\dist\out-tsc\src\models\review-model.js.map
C:\Users\Broga\source\repos\Blokitect\Blokitect.App\dist\out-tsc\src\models\supplierRegister-model.js
C:\Users\Broga\source\repos\Blokitect\Blokitect.App\dist\out-tsc\src\models\supplierRegister-model.js.map
C:\Users\Broga\source\repos\Blokitect\Blokitect.App\dist\out-tsc\src\models\viewModel.js
C:\Users\Broga\source\repos\Blokitect\Blokitect.App\dist\out-tsc\src\models\viewModel.js.map
C:\Users\Broga\source\repos\Blokitect\Blokitect.App\dist\out-tsc\src\services\auth.guard.js
C:\Users\Broga\source\repos\Blokitect\Blokitect.App\dist\out-tsc\src\services\auth.guard.js.map
C:\Users\Broga\source\repos\Blokitect\Blokitect.App\dist\out-tsc\src\services\component.service.js
C:\Users\Broga\source\repos\Blokitect\Blokitect.App\dist\out-tsc\src\services\component.service.js.map
C:\Users\Broga\source\repos\Blokitect\Blokitect.App\dist\out-tsc\src\services\formValidator.service.js
C:\Users\Broga\source\repos\Blokitect\Blokitect.App\dist\out-tsc\src\services\formValidator.service.js.map
C:\Users\Broga\source\repos\Blokitect\Blokitect.App\dist\out-tsc\src\services\language.service.js
C:\Users\Broga\source\repos\Blokitect\Blokitect.App\dist\out-tsc\src\services\language.service.js.map
